{"D:\\codes\\storybook-mock-rest\\packages\\data-generator\\src\\generator\\index.ts": {"path":"D:\\codes\\storybook-mock-rest\\packages\\data-generator\\src\\generator\\index.ts","statementMap":{"0":{"start":{"line":1,"column":0},"end":{"line":1,"column":53}},"1":{"start":{"line":2,"column":0},"end":{"line":2,"column":56}},"2":{"start":{"line":3,"column":0},"end":{"line":3,"column":56}},"3":{"start":{"line":4,"column":0},"end":{"line":4,"column":47}},"4":{"start":{"line":8,"column":8},"end":{"line":18,"column":null}},"5":{"start":{"line":9,"column":12},"end":{"line":17,"column":null}},"6":{"start":{"line":10,"column":16},"end":{"line":10,"column":59}},"7":{"start":{"line":11,"column":19},"end":{"line":17,"column":null}},"8":{"start":{"line":12,"column":16},"end":{"line":12,"column":60}},"9":{"start":{"line":13,"column":19},"end":{"line":17,"column":null}},"10":{"start":{"line":14,"column":16},"end":{"line":14,"column":100}},"11":{"start":{"line":16,"column":16},"end":{"line":16,"column":91}},"12":{"start":{"line":22,"column":56},"end":{"line":22,"column":61}},"13":{"start":{"line":23,"column":26},"end":{"line":23,"column":31}},"14":{"start":{"line":24,"column":8},"end":{"line":37,"column":37}},"15":{"start":{"line":25,"column":59},"end":{"line":25,"column":98}},"16":{"start":{"line":27,"column":12},"end":{"line":27,"column":57}},"17":{"start":{"line":29,"column":12},"end":{"line":33,"column":null}},"18":{"start":{"line":30,"column":16},"end":{"line":30,"column":40}},"19":{"start":{"line":32,"column":16},"end":{"line":32,"column":47}},"20":{"start":{"line":34,"column":12},"end":{"line":36,"column":null}},"21":{"start":{"line":35,"column":16},"end":{"line":35,"column":35}},"22":{"start":{"line":43,"column":4},"end":{"line":43,"column":17}}},"fnMap":{"0":{"name":"(anonymous_0)","decl":{"start":{"line":7,"column":12},"end":{"line":7,"column":18}},"loc":{"start":{"line":7,"column":42},"end":{"line":19,"column":5}}},"1":{"name":"(anonymous_1)","decl":{"start":{"line":8,"column":15},"end":{"line":8,"column":null}},"loc":{"start":{"line":8,"column":15},"end":{"line":18,"column":9}}},"2":{"name":"(anonymous_2)","decl":{"start":{"line":21,"column":11},"end":{"line":21,"column":17}},"loc":{"start":{"line":21,"column":41},"end":{"line":39,"column":5}}}},"branchMap":{"0":{"loc":{"start":{"line":9,"column":12},"end":{"line":17,"column":null}},"type":"if","locations":[{"start":{"line":9,"column":12},"end":{"line":17,"column":null}},{"start":{"line":9,"column":12},"end":{"line":17,"column":null}}]},"1":{"loc":{"start":{"line":11,"column":19},"end":{"line":17,"column":null}},"type":"if","locations":[{"start":{"line":11,"column":19},"end":{"line":17,"column":null}},{"start":{"line":11,"column":19},"end":{"line":17,"column":null}}]},"2":{"loc":{"start":{"line":13,"column":19},"end":{"line":17,"column":null}},"type":"if","locations":[{"start":{"line":13,"column":19},"end":{"line":17,"column":null}},{"start":{"line":13,"column":19},"end":{"line":17,"column":null}}]},"3":{"loc":{"start":{"line":29,"column":12},"end":{"line":33,"column":null}},"type":"if","locations":[{"start":{"line":29,"column":12},"end":{"line":33,"column":null}},{"start":{"line":29,"column":12},"end":{"line":33,"column":null}}]},"4":{"loc":{"start":{"line":34,"column":12},"end":{"line":36,"column":null}},"type":"if","locations":[{"start":{"line":34,"column":12},"end":{"line":36,"column":null}},{"start":{"line":34,"column":12},"end":{"line":36,"column":null}}]}},"s":{"0":1,"1":1,"2":1,"3":1,"4":3,"5":3,"6":0,"7":3,"8":1,"9":2,"10":0,"11":2,"12":3,"13":3,"14":3,"15":3,"16":3,"17":3,"18":2,"19":1,"20":1,"21":1,"22":1},"f":{"0":3,"1":3,"2":3},"b":{"0":[0,3],"1":[1,2],"2":[0,2],"3":[2,1],"4":[1,0]}}
,"D:\\codes\\storybook-mock-rest\\packages\\data-generator\\src\\generator\\array-scheme\\index.ts": {"path":"D:\\codes\\storybook-mock-rest\\packages\\data-generator\\src\\generator\\array-scheme\\index.ts","statementMap":{"0":{"start":{"line":1,"column":13},"end":{"line":1,"column":44}},"1":{"start":{"line":1,"column":42},"end":{"line":1,"column":43}}},"fnMap":{"0":{"name":"(anonymous_0)","decl":{"start":{"line":1,"column":36},"end":{"line":1,"column":39}},"loc":{"start":{"line":1,"column":42},"end":{"line":1,"column":43}}}},"branchMap":{},"s":{"0":1,"1":0},"f":{"0":0},"b":{}}
,"D:\\codes\\storybook-mock-rest\\packages\\data-generator\\src\\generator\\object-scheme\\index.ts": {"path":"D:\\codes\\storybook-mock-rest\\packages\\data-generator\\src\\generator\\object-scheme\\index.ts","statementMap":{"0":{"start":{"line":2,"column":0},"end":{"line":2,"column":35}},"1":{"start":{"line":4,"column":13},"end":{"line":16,"column":2}},"2":{"start":{"line":5,"column":17},"end":{"line":5,"column":36}},"3":{"start":{"line":7,"column":20},"end":{"line":7,"column":22}},"4":{"start":{"line":8,"column":4},"end":{"line":13,"column":7}},"5":{"start":{"line":9,"column":22},"end":{"line":9,"column":33}},"6":{"start":{"line":11,"column":31},"end":{"line":11,"column":64}},"7":{"start":{"line":12,"column":8},"end":{"line":12,"column":40}},"8":{"start":{"line":15,"column":4},"end":{"line":15,"column":21}}},"fnMap":{"0":{"name":"(anonymous_0)","decl":{"start":{"line":4,"column":37},"end":{"line":4,"column":38}},"loc":{"start":{"line":4,"column":56},"end":{"line":16,"column":1}}},"1":{"name":"(anonymous_1)","decl":{"start":{"line":8,"column":17},"end":{"line":8,"column":20}},"loc":{"start":{"line":8,"column":23},"end":{"line":13,"column":5}}}},"branchMap":{},"s":{"0":1,"1":1,"2":2,"3":2,"4":2,"5":3,"6":3,"7":3,"8":2},"f":{"0":2,"1":3},"b":{}}
,"D:\\codes\\storybook-mock-rest\\packages\\data-generator\\src\\generator\\simple-scheme\\index.ts": {"path":"D:\\codes\\storybook-mock-rest\\packages\\data-generator\\src\\generator\\simple-scheme\\index.ts","statementMap":{"0":{"start":{"line":1,"column":0},"end":{"line":1,"column":26}},"1":{"start":{"line":2,"column":0},"end":{"line":2,"column":47}},"2":{"start":{"line":4,"column":30},"end":{"line":21,"column":1}},"3":{"start":{"line":5,"column":18},"end":{"line":5,"column":36}},"4":{"start":{"line":11,"column":4},"end":{"line":18,"column":null}},"5":{"start":{"line":13,"column":8},"end":{"line":13,"column":30}},"6":{"start":{"line":15,"column":9},"end":{"line":18,"column":null}},"7":{"start":{"line":17,"column":8},"end":{"line":17,"column":21}},"8":{"start":{"line":20,"column":4},"end":{"line":20,"column":25}},"9":{"start":{"line":24,"column":4},"end":{"line":24,"column":25}}},"fnMap":{"0":{"name":"(anonymous_1)","decl":{"start":{"line":4,"column":30},"end":{"line":4,"column":31}},"loc":{"start":{"line":4,"column":46},"end":{"line":21,"column":1}}}},"branchMap":{"0":{"loc":{"start":{"line":11,"column":4},"end":{"line":18,"column":null}},"type":"if","locations":[{"start":{"line":11,"column":4},"end":{"line":18,"column":null}},{"start":{"line":11,"column":4},"end":{"line":18,"column":null}}]},"1":{"loc":{"start":{"line":15,"column":9},"end":{"line":18,"column":null}},"type":"if","locations":[{"start":{"line":15,"column":9},"end":{"line":18,"column":null}},{"start":{"line":15,"column":9},"end":{"line":18,"column":null}}]}},"s":{"0":2,"1":2,"2":2,"3":6,"4":6,"5":1,"6":5,"7":4,"8":1,"9":2},"f":{"0":6},"b":{"0":[1,5],"1":[4,1]}}
,"D:\\codes\\storybook-mock-rest\\packages\\utils\\index.ts": {"path":"D:\\codes\\storybook-mock-rest\\packages\\utils\\index.ts","statementMap":{"0":{"start":{"line":1,"column":0},"end":{"line":1,"column":8}},"1":{"start":{"line":1,"column":8},"end":{"line":1,"column":38}}},"fnMap":{"0":{"name":"(anonymous_0)","decl":{"start":{"line":1,"column":8},"end":{"line":1,"column":24}},"loc":{"start":{"line":1,"column":8},"end":{"line":1,"column":38}}}},"branchMap":{},"s":{"0":2,"1":10},"f":{"0":8},"b":{}}
,"D:\\codes\\storybook-mock-rest\\packages\\utils\\src\\index.ts": {"path":"D:\\codes\\storybook-mock-rest\\packages\\utils\\src\\index.ts","statementMap":{"0":{"start":{"line":8,"column":25},"end":{"line":16,"column":1}},"1":{"start":{"line":9,"column":4},"end":{"line":13,"column":null}},"2":{"start":{"line":9,"column":16},"end":{"line":9,"column":17}},"3":{"start":{"line":10,"column":8},"end":{"line":12,"column":null}},"4":{"start":{"line":11,"column":12},"end":{"line":11,"column":24}},"5":{"start":{"line":15,"column":4},"end":{"line":15,"column":17}},"6":{"start":{"line":19,"column":4},"end":{"line":19,"column":20}}},"fnMap":{"0":{"name":"(anonymous_0)","decl":{"start":{"line":8,"column":25},"end":{"line":8,"column":26}},"loc":{"start":{"line":8,"column":55},"end":{"line":16,"column":1}}}},"branchMap":{"0":{"loc":{"start":{"line":10,"column":8},"end":{"line":12,"column":null}},"type":"if","locations":[{"start":{"line":10,"column":8},"end":{"line":12,"column":null}},{"start":{"line":10,"column":8},"end":{"line":12,"column":null}}]}},"s":{"0":3,"1":11,"2":11,"3":35,"4":3,"5":8,"6":3},"f":{"0":11},"b":{"0":[3,32]}}
}
