TN:
SF:packages\data-generator\src\generator\index.ts
FN:7,(anonymous_0)
FN:8,(anonymous_1)
FN:21,(anonymous_2)
FNF:3
FNH:3
FNDA:3,(anonymous_0)
FNDA:3,(anonymous_1)
FNDA:3,(anonymous_2)
DA:1,1
DA:2,1
DA:3,1
DA:4,1
DA:8,3
DA:9,3
DA:10,0
DA:11,3
DA:12,1
DA:13,2
DA:14,0
DA:16,2
DA:22,3
DA:23,3
DA:24,3
DA:25,3
DA:27,3
DA:29,3
DA:30,2
DA:32,1
DA:34,1
DA:35,1
DA:43,1
LF:23
LH:21
BRDA:9,0,0,0
BRDA:9,0,1,3
BRDA:11,1,0,1
BRDA:11,1,1,2
BRDA:13,2,0,0
BRDA:13,2,1,2
BRDA:29,3,0,2
BRDA:29,3,1,1
BRDA:34,4,0,1
BRDA:34,4,1,0
BRF:10
BRH:7
end_of_record
TN:
SF:packages\data-generator\src\generator\array-scheme\index.ts
FN:1,(anonymous_0)
FNF:1
FNH:0
FNDA:0,(anonymous_0)
DA:1,1
LF:1
LH:1
BRF:0
BRH:0
end_of_record
TN:
SF:packages\data-generator\src\generator\object-scheme\index.ts
FN:4,(anonymous_0)
FN:8,(anonymous_1)
FNF:2
FNH:2
FNDA:2,(anonymous_0)
FNDA:3,(anonymous_1)
DA:2,1
DA:4,1
DA:5,2
DA:7,2
DA:8,2
DA:9,3
DA:11,3
DA:12,3
DA:15,2
LF:9
LH:9
BRF:0
BRH:0
end_of_record
TN:
SF:packages\data-generator\src\generator\simple-scheme\index.ts
FN:4,(anonymous_1)
FNF:1
FNH:1
FNDA:6,(anonymous_1)
DA:1,2
DA:2,2
DA:4,2
DA:5,6
DA:11,6
DA:13,1
DA:15,5
DA:17,4
DA:20,1
DA:24,2
LF:10
LH:10
BRDA:11,0,0,1
BRDA:11,0,1,5
BRDA:15,1,0,4
BRDA:15,1,1,1
BRF:4
BRH:4
end_of_record
TN:
SF:packages\utils\index.ts
FN:1,(anonymous_0)
FNF:1
FNH:1
FNDA:8,(anonymous_0)
DA:1,10
LF:1
LH:1
BRF:0
BRH:0
end_of_record
TN:
SF:packages\utils\src\index.ts
FN:8,(anonymous_0)
FNF:1
FNH:1
FNDA:11,(anonymous_0)
DA:8,3
DA:9,11
DA:10,35
DA:11,3
DA:15,8
DA:19,3
LF:6
LH:6
BRDA:10,0,0,3
BRDA:10,0,1,32
BRF:2
BRH:2
end_of_record
